0 info it worked if it ends with ok
1 verbose cli [ '/Users/engine/.nvm/versions/node/v6.9.4/bin/node',
1 verbose cli   '/Users/engine/.nvm/versions/node/v6.9.4/bin/npm',
1 verbose cli   'run',
1 verbose cli   'build' ]
2 info using npm@4.1.2
3 info using node@v6.9.4
4 verbose run-script [ 'prebuild', 'build', 'postbuild' ]
5 info lifecycle scrape-now@1.0.0~prebuild: scrape-now@1.0.0
6 silly lifecycle scrape-now@1.0.0~prebuild: no script for prebuild, continuing
7 info lifecycle scrape-now@1.0.0~build: scrape-now@1.0.0
8 verbose lifecycle scrape-now@1.0.0~build: unsafe-perm in lifecycle true
9 verbose lifecycle scrape-now@1.0.0~build: PATH: /Users/engine/.nvm/versions/node/v6.9.4/lib/node_modules/npm/bin/node-gyp-bin:/Users/engine/projects/ScrapeNow/node_modules/.bin:/Users/engine/.nvm/versions/node/v6.9.4/bin:/usr/bin:/bin:/usr/sbin:/sbin:/usr/local/bin:/usr/local/share/dotnet
10 verbose lifecycle scrape-now@1.0.0~build: CWD: /Users/engine/projects/ScrapeNow
11 silly lifecycle scrape-now@1.0.0~build: Args: [ '-c',
11 silly lifecycle   'webpack  --watch --config ./webpack.config.js --display-modules' ]
12 silly lifecycle scrape-now@1.0.0~build: Returned: code: 1  signal: null
13 info lifecycle scrape-now@1.0.0~build: Failed to exec build script
14 verbose stack Error: scrape-now@1.0.0 build: `webpack  --watch --config ./webpack.config.js --display-modules`
14 verbose stack Exit status 1
14 verbose stack     at EventEmitter.<anonymous> (/Users/engine/.nvm/versions/node/v6.9.4/lib/node_modules/npm/lib/utils/lifecycle.js:279:16)
14 verbose stack     at emitTwo (events.js:106:13)
14 verbose stack     at EventEmitter.emit (events.js:191:7)
14 verbose stack     at ChildProcess.<anonymous> (/Users/engine/.nvm/versions/node/v6.9.4/lib/node_modules/npm/lib/utils/spawn.js:40:14)
14 verbose stack     at emitTwo (events.js:106:13)
14 verbose stack     at ChildProcess.emit (events.js:191:7)
14 verbose stack     at maybeClose (internal/child_process.js:877:16)
14 verbose stack     at Process.ChildProcess._handle.onexit (internal/child_process.js:226:5)
15 verbose pkgid scrape-now@1.0.0
16 verbose cwd /Users/engine/projects/ScrapeNow
17 error Darwin 16.4.0
18 error argv "/Users/engine/.nvm/versions/node/v6.9.4/bin/node" "/Users/engine/.nvm/versions/node/v6.9.4/bin/npm" "run" "build"
19 error node v6.9.4
20 error npm  v4.1.2
21 error code ELIFECYCLE
22 error scrape-now@1.0.0 build: `webpack  --watch --config ./webpack.config.js --display-modules`
22 error Exit status 1
23 error Failed at the scrape-now@1.0.0 build script 'webpack  --watch --config ./webpack.config.js --display-modules'.
23 error Make sure you have the latest version of node.js and npm installed.
23 error If you do, this is most likely a problem with the scrape-now package,
23 error not with npm itself.
23 error Tell the author that this fails on your system:
23 error     webpack  --watch --config ./webpack.config.js --display-modules
23 error You can get information on how to open an issue for this project with:
23 error     npm bugs scrape-now
23 error Or if that isn't available, you can get their info via:
23 error     npm owner ls scrape-now
23 error There is likely additional logging output above.
24 verbose exit [ 1, true ]
